{"/home/victor/Documentos/FACUL/POO/ProgramacaoOrientadaObjetos/atividade27-09/src/app.ts": {"path":"/home/victor/Documentos/FACUL/POO/ProgramacaoOrientadaObjetos/atividade27-09/src/app.ts","statementMap":{"0":{"start":{"line":2,"column":0},"end":{"line":2,"column":32}},"1":{"start":{"line":3,"column":0},"end":{"line":3,"column":30}},"2":{"start":{"line":6,"column":0},"end":{"line":6,"column":27}},"3":{"start":{"line":7,"column":0},"end":{"line":7,"column":66}},"4":{"start":{"line":8,"column":0},"end":{"line":8,"column":66}},"5":{"start":{"line":9,"column":0},"end":{"line":9,"column":67}},"6":{"start":{"line":12,"column":4},"end":{"line":12,"column":null}},"7":{"start":{"line":13,"column":4},"end":{"line":13,"column":null}},"8":{"start":{"line":14,"column":4},"end":{"line":14,"column":null}},"9":{"start":{"line":15,"column":4},"end":{"line":15,"column":null}},"10":{"start":{"line":18,"column":21},"end":{"line":18,"column":66}},"11":{"start":{"line":18,"column":45},"end":{"line":18,"column":65}},"12":{"start":{"line":19,"column":8},"end":{"line":19,"column":null}},"13":{"start":{"line":19,"column":18},"end":{"line":19,"column":null}},"14":{"start":{"line":20,"column":8},"end":{"line":20,"column":null}},"15":{"start":{"line":24,"column":8},"end":{"line":28,"column":null}},"16":{"start":{"line":25,"column":12},"end":{"line":27,"column":null}},"17":{"start":{"line":26,"column":16},"end":{"line":26,"column":null}},"18":{"start":{"line":29,"column":22},"end":{"line":29,"column":41}},"19":{"start":{"line":30,"column":8},"end":{"line":30,"column":null}},"20":{"start":{"line":31,"column":34},"end":{"line":31,"column":73}},"21":{"start":{"line":32,"column":8},"end":{"line":32,"column":null}},"22":{"start":{"line":33,"column":8},"end":{"line":33,"column":null}},"23":{"start":{"line":34,"column":8},"end":{"line":34,"column":null}},"24":{"start":{"line":38,"column":21},"end":{"line":38,"column":45}},"25":{"start":{"line":39,"column":8},"end":{"line":39,"column":null}},"26":{"start":{"line":39,"column":19},"end":{"line":39,"column":null}},"27":{"start":{"line":40,"column":8},"end":{"line":40,"column":null}},"28":{"start":{"line":44,"column":22},"end":{"line":44,"column":41}},"29":{"start":{"line":45,"column":8},"end":{"line":45,"column":null}},"30":{"start":{"line":46,"column":8},"end":{"line":46,"column":null}},"31":{"start":{"line":47,"column":8},"end":{"line":47,"column":null}},"32":{"start":{"line":51,"column":26},"end":{"line":51,"column":76}},"33":{"start":{"line":51,"column":55},"end":{"line":51,"column":75}},"34":{"start":{"line":52,"column":8},"end":{"line":55,"column":null}},"35":{"start":{"line":53,"column":12},"end":{"line":53,"column":null}},"36":{"start":{"line":54,"column":12},"end":{"line":54,"column":18}},"37":{"start":{"line":56,"column":8},"end":{"line":56,"column":null}},"38":{"start":{"line":60,"column":21},"end":{"line":60,"column":64}},"39":{"start":{"line":60,"column":45},"end":{"line":60,"column":63}},"40":{"start":{"line":61,"column":8},"end":{"line":63,"column":null}},"41":{"start":{"line":62,"column":12},"end":{"line":62,"column":null}},"42":{"start":{"line":64,"column":8},"end":{"line":66,"column":null}},"43":{"start":{"line":65,"column":12},"end":{"line":65,"column":null}},"44":{"start":{"line":67,"column":21},"end":{"line":67,"column":45}},"45":{"start":{"line":68,"column":8},"end":{"line":70,"column":null}},"46":{"start":{"line":69,"column":12},"end":{"line":69,"column":null}},"47":{"start":{"line":71,"column":8},"end":{"line":71,"column":null}},"48":{"start":{"line":72,"column":24},"end":{"line":72,"column":56}},"49":{"start":{"line":73,"column":8},"end":{"line":73,"column":null}},"50":{"start":{"line":77,"column":20},"end":{"line":77,"column":30}},"51":{"start":{"line":78,"column":21},"end":{"line":81,"column":null}},"52":{"start":{"line":79,"column":12},"end":{"line":81,"column":21}},"53":{"start":{"line":83,"column":8},"end":{"line":83,"column":null}},"54":{"start":{"line":83,"column":19},"end":{"line":83,"column":null}},"55":{"start":{"line":84,"column":8},"end":{"line":84,"column":null}},"56":{"start":{"line":85,"column":8},"end":{"line":85,"column":null}},"57":{"start":{"line":86,"column":22},"end":{"line":86,"column":53}},"58":{"start":{"line":87,"column":8},"end":{"line":87,"column":null}},"59":{"start":{"line":91,"column":8},"end":{"line":91,"column":null}},"60":{"start":{"line":95,"column":8},"end":{"line":95,"column":null}},"61":{"start":{"line":99,"column":8},"end":{"line":99,"column":null}},"62":{"start":{"line":103,"column":21},"end":{"line":103,"column":64}},"63":{"start":{"line":103,"column":45},"end":{"line":103,"column":63}},"64":{"start":{"line":104,"column":8},"end":{"line":106,"column":null}},"65":{"start":{"line":105,"column":12},"end":{"line":105,"column":null}},"66":{"start":{"line":107,"column":8},"end":{"line":107,"column":null}},"67":{"start":{"line":108,"column":8},"end":{"line":108,"column":null}},"68":{"start":{"line":112,"column":21},"end":{"line":112,"column":64}},"69":{"start":{"line":112,"column":45},"end":{"line":112,"column":63}},"70":{"start":{"line":113,"column":8},"end":{"line":113,"column":null}},"71":{"start":{"line":113,"column":19},"end":{"line":113,"column":null}},"72":{"start":{"line":114,"column":8},"end":{"line":114,"column":null}},"73":{"start":{"line":11,"column":0},"end":{"line":11,"column":13}},"74":{"start":{"line":120,"column":13},"end":{"line":120,"column":51}},"75":{"start":{"line":121,"column":2},"end":{"line":121,"column":20}},"76":{"start":{"line":122,"column":2},"end":{"line":122,"column":24}}},"fnMap":{"0":{"name":"(anonymous_8)","decl":{"start":{"line":11,"column":0},"end":{"line":11,"column":13}},"loc":{"start":{"line":11,"column":0},"end":{"line":117,"column":1}}},"1":{"name":"(anonymous_9)","decl":{"start":{"line":17,"column":4},"end":{"line":17,"column":12}},"loc":{"start":{"line":17,"column":26},"end":{"line":21,"column":5}}},"2":{"name":"(anonymous_10)","decl":{"start":{"line":18,"column":37},"end":{"line":18,"column":41}},"loc":{"start":{"line":18,"column":45},"end":{"line":18,"column":65}}},"3":{"name":"(anonymous_11)","decl":{"start":{"line":23,"column":10},"end":{"line":23,"column":22}},"loc":{"start":{"line":23,"column":33},"end":{"line":35,"column":null}}},"4":{"name":"(anonymous_13)","decl":{"start":{"line":37,"column":10},"end":{"line":37,"column":22}},"loc":{"start":{"line":37,"column":58},"end":{"line":41,"column":null}}},"5":{"name":"(anonymous_15)","decl":{"start":{"line":43,"column":4},"end":{"line":43,"column":16}},"loc":{"start":{"line":43,"column":27},"end":{"line":48,"column":5}}},"6":{"name":"(anonymous_16)","decl":{"start":{"line":50,"column":4},"end":{"line":50,"column":14}},"loc":{"start":{"line":50,"column":28},"end":{"line":57,"column":5}}},"7":{"name":"(anonymous_17)","decl":{"start":{"line":51,"column":47},"end":{"line":51,"column":51}},"loc":{"start":{"line":51,"column":55},"end":{"line":51,"column":75}}},"8":{"name":"(anonymous_18)","decl":{"start":{"line":59,"column":4},"end":{"line":59,"column":12}},"loc":{"start":{"line":59,"column":46},"end":{"line":74,"column":5}}},"9":{"name":"(anonymous_19)","decl":{"start":{"line":60,"column":37},"end":{"line":60,"column":41}},"loc":{"start":{"line":60,"column":45},"end":{"line":60,"column":63}}},"10":{"name":"(anonymous_20)","decl":{"start":{"line":76,"column":4},"end":{"line":76,"column":14}},"loc":{"start":{"line":76,"column":48},"end":{"line":88,"column":5}}},"11":{"name":"(anonymous_21)","decl":{"start":{"line":78,"column":37},"end":{"line":78,"column":41}},"loc":{"start":{"line":79,"column":12},"end":{"line":81,"column":21}}},"12":{"name":"(anonymous_22)","decl":{"start":{"line":90,"column":4},"end":{"line":90,"column":13}},"loc":{"start":{"line":90,"column":13},"end":{"line":92,"column":5}}},"13":{"name":"(anonymous_23)","decl":{"start":{"line":94,"column":4},"end":{"line":94,"column":13}},"loc":{"start":{"line":94,"column":13},"end":{"line":96,"column":5}}},"14":{"name":"(anonymous_24)","decl":{"start":{"line":98,"column":4},"end":{"line":98,"column":13}},"loc":{"start":{"line":98,"column":13},"end":{"line":100,"column":5}}},"15":{"name":"(anonymous_25)","decl":{"start":{"line":102,"column":4},"end":{"line":102,"column":14}},"loc":{"start":{"line":102,"column":49},"end":{"line":109,"column":5}}},"16":{"name":"(anonymous_26)","decl":{"start":{"line":103,"column":37},"end":{"line":103,"column":41}},"loc":{"start":{"line":103,"column":45},"end":{"line":103,"column":63}}},"17":{"name":"(anonymous_27)","decl":{"start":{"line":111,"column":4},"end":{"line":111,"column":12}},"loc":{"start":{"line":111,"column":27},"end":{"line":115,"column":5}}},"18":{"name":"(anonymous_28)","decl":{"start":{"line":112,"column":37},"end":{"line":112,"column":41}},"loc":{"start":{"line":112,"column":45},"end":{"line":112,"column":63}}},"19":{"name":"diffHours","decl":{"start":{"line":119,"column":9},"end":{"line":119,"column":18}},"loc":{"start":{"line":119,"column":39},"end":{"line":123,"column":1}}}},"branchMap":{"0":{"loc":{"start":{"line":19,"column":8},"end":{"line":19,"column":null}},"type":"if","locations":[{"start":{"line":19,"column":8},"end":{"line":19,"column":null}}]},"1":{"loc":{"start":{"line":25,"column":12},"end":{"line":27,"column":null}},"type":"if","locations":[{"start":{"line":25,"column":12},"end":{"line":27,"column":null}}]},"2":{"loc":{"start":{"line":39,"column":8},"end":{"line":39,"column":null}},"type":"if","locations":[{"start":{"line":39,"column":8},"end":{"line":39,"column":null}}]},"3":{"loc":{"start":{"line":52,"column":8},"end":{"line":55,"column":null}},"type":"if","locations":[{"start":{"line":52,"column":8},"end":{"line":55,"column":null}}]},"4":{"loc":{"start":{"line":61,"column":8},"end":{"line":63,"column":null}},"type":"if","locations":[{"start":{"line":61,"column":8},"end":{"line":63,"column":null}}]},"5":{"loc":{"start":{"line":64,"column":8},"end":{"line":66,"column":null}},"type":"if","locations":[{"start":{"line":64,"column":8},"end":{"line":66,"column":null}}]},"6":{"loc":{"start":{"line":68,"column":8},"end":{"line":70,"column":null}},"type":"if","locations":[{"start":{"line":68,"column":8},"end":{"line":70,"column":null}}]},"7":{"loc":{"start":{"line":79,"column":12},"end":{"line":81,"column":21}},"type":"binary-expr","locations":[{"start":{"line":79,"column":12},"end":{"line":79,"column":35}},{"start":{"line":80,"column":12},"end":{"line":80,"column":41}},{"start":{"line":81,"column":12},"end":{"line":81,"column":21}}]},"8":{"loc":{"start":{"line":83,"column":8},"end":{"line":83,"column":null}},"type":"if","locations":[{"start":{"line":83,"column":8},"end":{"line":83,"column":null}}]},"9":{"loc":{"start":{"line":104,"column":8},"end":{"line":106,"column":null}},"type":"if","locations":[{"start":{"line":104,"column":8},"end":{"line":106,"column":null}}]},"10":{"loc":{"start":{"line":113,"column":8},"end":{"line":113,"column":null}},"type":"if","locations":[{"start":{"line":113,"column":8},"end":{"line":113,"column":null}}]}},"s":{"0":1,"1":1,"2":1,"3":1,"4":1,"5":1,"6":2,"7":2,"8":2,"9":2,"10":2,"11":2,"12":2,"13":0,"14":2,"15":2,"16":0,"17":0,"18":2,"19":2,"20":2,"21":2,"22":2,"23":2,"24":0,"25":0,"26":0,"27":0,"28":1,"29":1,"30":1,"31":1,"32":0,"33":0,"34":0,"35":0,"36":0,"37":0,"38":1,"39":1,"40":1,"41":0,"42":1,"43":0,"44":1,"45":1,"46":0,"47":1,"48":1,"49":1,"50":1,"51":1,"52":1,"53":1,"54":0,"55":1,"56":1,"57":1,"58":1,"59":0,"60":0,"61":0,"62":0,"63":0,"64":0,"65":0,"66":0,"67":0,"68":0,"69":0,"70":0,"71":0,"72":0,"73":1,"74":1,"75":1,"76":1},"f":{"0":2,"1":2,"2":2,"3":2,"4":0,"5":1,"6":0,"7":0,"8":1,"9":1,"10":1,"11":1,"12":0,"13":0,"14":0,"15":0,"16":0,"17":0,"18":0,"19":1},"b":{"0":[0],"1":[0],"2":[0],"3":[0],"4":[0],"5":[0],"6":[0],"7":[1,1,1],"8":[0],"9":[0],"10":[0]}}
,"/home/victor/Documentos/FACUL/POO/ProgramacaoOrientadaObjetos/atividade27-09/src/bike.ts": {"path":"/home/victor/Documentos/FACUL/POO/ProgramacaoOrientadaObjetos/atividade27-09/src/bike.ts","statementMap":{"0":{"start":{"line":1,"column":0},"end":{"line":1,"column":38}},"1":{"start":{"line":5,"column":15},"end":{"line":5,"column":27}},"2":{"start":{"line":6,"column":15},"end":{"line":6,"column":27}},"3":{"start":{"line":7,"column":15},"end":{"line":7,"column":31}},"4":{"start":{"line":8,"column":15},"end":{"line":8,"column":30}},"5":{"start":{"line":9,"column":15},"end":{"line":9,"column":27}},"6":{"start":{"line":10,"column":15},"end":{"line":10,"column":34}},"7":{"start":{"line":11,"column":15},"end":{"line":11,"column":30}},"8":{"start":{"line":12,"column":15},"end":{"line":12,"column":34}},"9":{"start":{"line":13,"column":15},"end":{"line":13,"column":36}},"10":{"start":{"line":14,"column":15},"end":{"line":14,"column":36}},"11":{"start":{"line":15,"column":15},"end":{"line":15,"column":26}},"12":{"start":{"line":3,"column":0},"end":{"line":3,"column":13}}},"fnMap":{"0":{"name":"(anonymous_0)","decl":{"start":{"line":4,"column":4},"end":{"line":4,"column":null}},"loc":{"start":{"line":15,"column":26},"end":{"line":16,"column":8}}}},"branchMap":{"0":{"loc":{"start":{"line":13,"column":15},"end":{"line":13,"column":40}},"type":"default-arg","locations":[{"start":{"line":13,"column":36},"end":{"line":13,"column":40}}]},"1":{"loc":{"start":{"line":14,"column":15},"end":{"line":14,"column":58}},"type":"default-arg","locations":[{"start":{"line":14,"column":36},"end":{"line":14,"column":58}}]}},"s":{"0":1,"1":1,"2":1,"3":1,"4":1,"5":1,"6":1,"7":1,"8":1,"9":1,"10":1,"11":1,"12":1},"f":{"0":1},"b":{"0":[1],"1":[1]}}
,"/home/victor/Documentos/FACUL/POO/ProgramacaoOrientadaObjetos/atividade27-09/src/crypt.ts": {"path":"/home/victor/Documentos/FACUL/POO/ProgramacaoOrientadaObjetos/atividade27-09/src/crypt.ts","statementMap":{"0":{"start":{"line":1,"column":0},"end":{"line":1,"column":27}},"1":{"start":{"line":4,"column":12},"end":{"line":4,"column":null}},"2":{"start":{"line":7,"column":8},"end":{"line":7,"column":null}},"3":{"start":{"line":11,"column":8},"end":{"line":11,"column":null}},"4":{"start":{"line":3,"column":0},"end":{"line":3,"column":13}}},"fnMap":{"0":{"name":"(anonymous_8)","decl":{"start":{"line":3,"column":0},"end":{"line":3,"column":13}},"loc":{"start":{"line":3,"column":0},"end":{"line":13,"column":1}}},"1":{"name":"(anonymous_9)","decl":{"start":{"line":6,"column":10},"end":{"line":6,"column":17}},"loc":{"start":{"line":6,"column":31},"end":{"line":8,"column":null}}},"2":{"name":"(anonymous_11)","decl":{"start":{"line":10,"column":10},"end":{"line":10,"column":17}},"loc":{"start":{"line":10,"column":50},"end":{"line":12,"column":null}}}},"branchMap":{},"s":{"0":1,"1":2,"2":2,"3":0,"4":1},"f":{"0":2,"1":2,"2":0},"b":{}}
,"/home/victor/Documentos/FACUL/POO/ProgramacaoOrientadaObjetos/atividade27-09/src/location.ts": {"path":"/home/victor/Documentos/FACUL/POO/ProgramacaoOrientadaObjetos/atividade27-09/src/location.ts","statementMap":{"0":{"start":{"line":3,"column":15},"end":{"line":3,"column":31}},"1":{"start":{"line":4,"column":15},"end":{"line":4,"column":32}},"2":{"start":{"line":1,"column":0},"end":{"line":1,"column":13}}},"fnMap":{"0":{"name":"(anonymous_0)","decl":{"start":{"line":2,"column":4},"end":{"line":2,"column":null}},"loc":{"start":{"line":4,"column":32},"end":{"line":5,"column":8}}}},"branchMap":{},"s":{"0":1,"1":1,"2":1},"f":{"0":1},"b":{}}
,"/home/victor/Documentos/FACUL/POO/ProgramacaoOrientadaObjetos/atividade27-09/src/rent.ts": {"path":"/home/victor/Documentos/FACUL/POO/ProgramacaoOrientadaObjetos/atividade27-09/src/rent.ts","statementMap":{"0":{"start":{"line":8,"column":15},"end":{"line":8,"column":25}},"1":{"start":{"line":9,"column":15},"end":{"line":9,"column":25}},"2":{"start":{"line":10,"column":15},"end":{"line":10,"column":26}},"3":{"start":{"line":5,"column":11},"end":{"line":5,"column":null}},"4":{"start":{"line":4,"column":0},"end":{"line":4,"column":13}}},"fnMap":{"0":{"name":"(anonymous_0)","decl":{"start":{"line":7,"column":4},"end":{"line":7,"column":null}},"loc":{"start":{"line":10,"column":26},"end":{"line":11,"column":8}}}},"branchMap":{},"s":{"0":1,"1":1,"2":1,"3":1,"4":1},"f":{"0":1},"b":{}}
,"/home/victor/Documentos/FACUL/POO/ProgramacaoOrientadaObjetos/atividade27-09/src/user.ts": {"path":"/home/victor/Documentos/FACUL/POO/ProgramacaoOrientadaObjetos/atividade27-09/src/user.ts","statementMap":{"0":{"start":{"line":3,"column":15},"end":{"line":3,"column":27}},"1":{"start":{"line":4,"column":15},"end":{"line":4,"column":28}},"2":{"start":{"line":5,"column":15},"end":{"line":5,"column":31}},"3":{"start":{"line":6,"column":15},"end":{"line":6,"column":26}},"4":{"start":{"line":1,"column":0},"end":{"line":1,"column":13}}},"fnMap":{"0":{"name":"(anonymous_0)","decl":{"start":{"line":2,"column":4},"end":{"line":2,"column":null}},"loc":{"start":{"line":6,"column":26},"end":{"line":7,"column":8}}}},"branchMap":{},"s":{"0":2,"1":2,"2":2,"3":2,"4":1},"f":{"0":2},"b":{}}
,"/home/victor/Documentos/FACUL/POO/ProgramacaoOrientadaObjetos/atividade27-09/src/errors/bike-not-found-error.ts": {"path":"/home/victor/Documentos/FACUL/POO/ProgramacaoOrientadaObjetos/atividade27-09/src/errors/bike-not-found-error.ts","statementMap":{"0":{"start":{"line":5,"column":8},"end":{"line":5,"column":null}},"1":{"start":{"line":2,"column":20},"end":{"line":2,"column":null}},"2":{"start":{"line":1,"column":0},"end":{"line":1,"column":13}}},"fnMap":{"0":{"name":"(anonymous_0)","decl":{"start":{"line":4,"column":4},"end":{"line":4,"column":null}},"loc":{"start":{"line":4,"column":4},"end":{"line":6,"column":5}}}},"branchMap":{},"s":{"0":0,"1":0,"2":1},"f":{"0":0},"b":{}}
,"/home/victor/Documentos/FACUL/POO/ProgramacaoOrientadaObjetos/atividade27-09/src/errors/duplicate-user-error.ts": {"path":"/home/victor/Documentos/FACUL/POO/ProgramacaoOrientadaObjetos/atividade27-09/src/errors/duplicate-user-error.ts","statementMap":{"0":{"start":{"line":5,"column":8},"end":{"line":5,"column":null}},"1":{"start":{"line":2,"column":20},"end":{"line":2,"column":null}},"2":{"start":{"line":1,"column":0},"end":{"line":1,"column":13}}},"fnMap":{"0":{"name":"(anonymous_0)","decl":{"start":{"line":4,"column":4},"end":{"line":4,"column":null}},"loc":{"start":{"line":4,"column":4},"end":{"line":6,"column":5}}}},"branchMap":{},"s":{"0":0,"1":0,"2":1},"f":{"0":0},"b":{}}
,"/home/victor/Documentos/FACUL/POO/ProgramacaoOrientadaObjetos/atividade27-09/src/errors/user-not-found-error.ts": {"path":"/home/victor/Documentos/FACUL/POO/ProgramacaoOrientadaObjetos/atividade27-09/src/errors/user-not-found-error.ts","statementMap":{"0":{"start":{"line":5,"column":8},"end":{"line":5,"column":null}},"1":{"start":{"line":2,"column":20},"end":{"line":2,"column":null}},"2":{"start":{"line":1,"column":0},"end":{"line":1,"column":13}}},"fnMap":{"0":{"name":"(anonymous_0)","decl":{"start":{"line":4,"column":4},"end":{"line":4,"column":null}},"loc":{"start":{"line":4,"column":4},"end":{"line":6,"column":5}}}},"branchMap":{},"s":{"0":0,"1":0,"2":1},"f":{"0":0},"b":{}}
}
